{"error":{"expiredAt":"2026-01-21T19:56:50.000Z","message":"jwt expired","name":"TokenExpiredError","statusCode":401},"level":"error","message":"Error occurred:","method":"GET","path":"/api/tasks","service":"sapadonity-api","timestamp":"2026-01-21T20:06:32.397Z"}
{"error":{"message":"[\n  {\n    \"expected\": \"string\",\n    \"code\": \"invalid_type\",\n    \"path\": [\n      \"body\",\n      \"refreshToken\"\n    ],\n    \"message\": \"Invalid input: expected string, received undefined\"\n  }\n]","name":"ZodError"},"level":"error","message":"Error occurred:","method":"POST","path":"/api/auth/refresh","service":"sapadonity-api","timestamp":"2026-01-21T20:08:08.789Z"}
{"error":{"message":"[\n  {\n    \"expected\": \"string\",\n    \"code\": \"invalid_type\",\n    \"path\": [\n      \"body\",\n      \"refreshToken\"\n    ],\n    \"message\": \"Invalid input: expected string, received undefined\"\n  }\n]","name":"ZodError"},"level":"error","message":"Error occurred:","method":"POST","path":"/api/auth/refresh","service":"sapadonity-api","timestamp":"2026-01-21T20:08:10.456Z"}
{"error":{"message":"[\n  {\n    \"expected\": \"string\",\n    \"code\": \"invalid_type\",\n    \"path\": [\n      \"body\",\n      \"refreshToken\"\n    ],\n    \"message\": \"Invalid input: expected string, received undefined\"\n  }\n]","name":"ZodError"},"level":"error","message":"Error occurred:","method":"POST","path":"/api/auth/refresh","service":"sapadonity-api","timestamp":"2026-01-21T20:08:11.055Z"}
{"error":{"message":"[\n  {\n    \"expected\": \"object\",\n    \"code\": \"invalid_type\",\n    \"path\": [\n      \"body\"\n    ],\n    \"message\": \"Invalid input: expected object, received undefined\"\n  }\n]","name":"ZodError"},"level":"error","message":"Error occurred:","method":"POST","path":"/api/auth/login","service":"sapadonity-api","timestamp":"2026-01-21T20:08:23.513Z"}
{"error":{"message":"[\n  {\n    \"expected\": \"object\",\n    \"code\": \"invalid_type\",\n    \"path\": [\n      \"body\"\n    ],\n    \"message\": \"Invalid input: expected object, received undefined\"\n  }\n]","name":"ZodError"},"level":"error","message":"Error occurred:","method":"POST","path":"/api/auth/login","service":"sapadonity-api","timestamp":"2026-01-21T20:08:24.776Z"}
{"error":{"body":"{\n  \"email\": \"daffa@sapadonity.com\"\n  \"password\": \"Password123\"\n}","expose":true,"status":400,"statusCode":400,"type":"entity.parse.failed"},"level":"error","message":"Error occurred:","method":"POST","path":"/api/auth/login","service":"sapadonity-api","timestamp":"2026-01-21T20:09:05.175Z"}
{"error":{"statusCode":401},"level":"error","message":"Error occurred:","method":"GET","path":"/api/notifications","service":"sapadonity-api","timestamp":"2026-01-21T20:21:08.847Z"}
{"error":{"clientVersion":"7.3.0","code":"P1001","meta":{"driverAdapterError":{"cause":{"host":"127.0.0.1","kind":"DatabaseNotReachable","port":5432},"name":"DriverAdapterError"},"modelName":"User"},"name":"PrismaClientKnownRequestError"},"level":"error","message":"Error occurred:","method":"POST","path":"/api/auth/login","service":"sapadonity-api","timestamp":"2026-01-22T01:42:05.074Z"}
{"error":{"expiredAt":"2026-01-21T20:35:16.000Z","message":"jwt expired","name":"TokenExpiredError","statusCode":401},"level":"error","message":"Error occurred:","method":"GET","path":"/api/notifications","service":"sapadonity-api","timestamp":"2026-01-22T01:50:59.946Z"}
{"error":{"body":"{\n  \"email\": \"daffa@sapadonity.com\",\n  \"password\": \"Password123\",\n}","expose":true,"status":400,"statusCode":400,"type":"entity.parse.failed"},"level":"error","message":"Error occurred:","method":"POST","path":"/api/auth/login","service":"sapadonity-api","timestamp":"2026-01-22T02:53:32.432Z"}
{"error":{},"level":"error","message":"Error occurred:","method":"POST","path":"/api/upload","service":"sapadonity-api","timestamp":"2026-01-22T03:22:33.897Z"}
{"error":{"statusCode":401},"level":"error","message":"Error occurred:","method":"GET","path":"/api/notifications","service":"sapadonity-api","timestamp":"2026-01-22T04:03:31.145Z"}
{"error":{},"level":"error","message":"Error occurred:","method":"POST","path":"/api/auth/register","service":"sapadonity-api","timestamp":"2026-01-22T04:08:05.775Z"}
{"error":{"statusCode":401},"level":"error","message":"Error occurred:","method":"POST","path":"/api/tasks","service":"sapadonity-api","timestamp":"2026-01-22T04:08:39.757Z"}
{"error":{"statusCode":401},"level":"error","message":"Error occurred:","method":"DELETE","path":"/api/tasks/123e4567-e89b-12d3-a456-426614174000","service":"sapadonity-api","timestamp":"2026-01-22T06:28:09.823Z"}
{"error":{},"level":"error","message":"Error occurred:","method":"POST","path":"/api/auth/register","service":"sapadonity-api","timestamp":"2026-01-22T06:30:17.198Z"}
{"error":{"isOperational":true,"name":"UnauthorizedError","statusCode":401},"level":"error","message":"Error occurred:","method":"GET","path":"/api/tasks/123e4567-e89b-12d3-a456-426614174000","requestId":"31279035-4fbc-4428-abf1-b97299b435dd","service":"sapadonity-api","timestamp":"2026-01-22T06:51:30.444Z"}
{"error":{"isOperational":true,"name":"UnauthorizedError","statusCode":401},"level":"error","message":"Error occurred:","method":"GET","path":"/api/tasks","requestId":"8281a331-39a3-44be-9676-f5f6d46cbc5d","service":"sapadonity-api","timestamp":"2026-01-22T06:53:23.525Z"}
{"error":{"isOperational":true,"name":"UnauthorizedError","statusCode":401},"level":"error","message":"Error occurred:","method":"POST","path":"/api/tasks","requestId":"b28dca70-dc62-4275-9730-35b675faaf8f","service":"sapadonity-api","timestamp":"2026-01-22T06:53:42.922Z"}
{"error":{"isOperational":true,"name":"UnauthorizedError","statusCode":401},"level":"error","message":"Error occurred:","method":"GET","path":"/api/users/profile","requestId":"921e1953-bf92-40ef-b5fb-839d48164f44","service":"sapadonity-api","timestamp":"2026-01-22T07:07:02.362Z"}
{"error":{"isOperational":true,"name":"UnauthorizedError","statusCode":401},"level":"error","message":"Error occurred:","method":"GET","path":"/api/stats","requestId":"d7fcc1aa-0df9-485e-b731-936f3a28cfe3","service":"sapadonity-api","timestamp":"2026-01-22T07:07:33.970Z"}
{"error":{"isOperational":true,"name":"UnauthorizedError","statusCode":401},"level":"error","message":"Error occurred:","method":"PATCH","path":"/api/notifications/123e4567-e89b-12d3-a456-426614174000/read","requestId":"a8e62cdf-f3fa-4dd4-9574-2a05c28caff9","service":"sapadonity-api","timestamp":"2026-01-22T07:08:51.030Z"}
{"error":{"isOperational":true,"name":"UnauthorizedError","statusCode":401},"level":"error","message":"Error occurred:","method":"POST","path":"/api/auth/refresh","requestId":"c715cb0d-7644-4bd8-a136-3550e54db3c8","service":"sapadonity-api","timestamp":"2026-01-22T07:09:47.727Z"}
{"error":{"isOperational":true,"name":"UnauthorizedError","statusCode":401},"level":"error","message":"Error occurred:","method":"GET","path":"/api/tasks","requestId":"5db9a9a3-557a-4389-82e4-c1eb719477d7","service":"sapadonity-api","timestamp":"2026-01-22T07:10:27.233Z"}
